{"uid":"21eabf83d9c44c47","name":"Sort product reviews by newest and give feedback","fullName":"src/test/resources/features/us1ProductReviewSortingAndFeedback.feature:7","historyId":"18d3190af1015ab7cf19cbc79076fc13","time":{"start":1739256965663,"stop":1739257028410,"duration":62747},"status":"broken","statusMessage":"Failed to assert home page: Failed to click and wait for reload: no such element: Unable to locate element: {\"method\":\"css selector\",\"selector\":\"button[id='onetrust-accept-btn-handler']\"}\n  (Session info: chrome=132.0.6834.159)\nFor documentation on this error, please visit: https://www.selenium.dev/documentation/webdriver/troubleshooting/errors#no-such-element-exception\nBuild info: version: '4.16.1', revision: '9b4c83354e'\nSystem info: os.name: 'Linux', os.arch: 'amd64', os.version: '6.8.0-1020-azure', java.version: '17.0.14'\nDriver info: org.openqa.selenium.chrome.ChromeDriver\nCommand: [51afd644eda9aa48993c50920e0330d2, findElement {using=css selector, value=button[id='onetrust-accept-btn-handler']}]\nCapabilities {acceptInsecureCerts: false, browserName: chrome, browserVersion: 132.0.6834.159, chrome: {chromedriverVersion: 132.0.6834.159 (2d77d3fc445..., userDataDir: /tmp/.org.chromium.Chromium...}, fedcm:accounts: true, goog:chromeOptions: {debuggerAddress: localhost:37889}, networkConnectionEnabled: false, pageLoadStrategy: normal, platformName: linux, proxy: Proxy(), se:cdp: ws://localhost:37889/devtoo..., se:cdpVersion: 132.0.6834.159, setWindowRect: true, strictFileInteractability: false, timeouts: {implicit: 0, pageLoad: 300000, script: 30000}, unhandledPromptBehavior: dismiss and notify, webauthn:extension:credBlob: true, webauthn:extension:largeBlob: true, webauthn:extension:minPinLength: true, webauthn:extension:prf: true, webauthn:virtualAuthenticators: true}\nSession ID: 51afd644eda9aa48993c50920e0330d2","statusTrace":"java.lang.RuntimeException: Failed to assert home page: Failed to click and wait for reload: no such element: Unable to locate element: {\"method\":\"css selector\",\"selector\":\"button[id='onetrust-accept-btn-handler']\"}\n  (Session info: chrome=132.0.6834.159)\nFor documentation on this error, please visit: https://www.selenium.dev/documentation/webdriver/troubleshooting/errors#no-such-element-exception\nBuild info: version: '4.16.1', revision: '9b4c83354e'\nSystem info: os.name: 'Linux', os.arch: 'amd64', os.version: '6.8.0-1020-azure', java.version: '17.0.14'\nDriver info: org.openqa.selenium.chrome.ChromeDriver\nCommand: [51afd644eda9aa48993c50920e0330d2, findElement {using=css selector, value=button[id='onetrust-accept-btn-handler']}]\nCapabilities {acceptInsecureCerts: false, browserName: chrome, browserVersion: 132.0.6834.159, chrome: {chromedriverVersion: 132.0.6834.159 (2d77d3fc445..., userDataDir: /tmp/.org.chromium.Chromium...}, fedcm:accounts: true, goog:chromeOptions: {debuggerAddress: localhost:37889}, networkConnectionEnabled: false, pageLoadStrategy: normal, platformName: linux, proxy: Proxy(), se:cdp: ws://localhost:37889/devtoo..., se:cdpVersion: 132.0.6834.159, setWindowRect: true, strictFileInteractability: false, timeouts: {implicit: 0, pageLoad: 300000, script: 30000}, unhandledPromptBehavior: dismiss and notify, webauthn:extension:credBlob: true, webauthn:extension:largeBlob: true, webauthn:extension:minPinLength: true, webauthn:extension:prf: true, webauthn:virtualAuthenticators: true}\nSession ID: 51afd644eda9aa48993c50920e0330d2\n\tat pages.HomePage.assertHomePage(HomePage.java:27)\n\tat stepDefs.ProductReview.userSearchForAProductWhichIsPopularAndHasComments(ProductReview.java:22)\n\tat ✽.user search for a product which is popular and has comments(file:///home/runner/work/hepsiburada/hepsiburada/src/test/resources/features/us1ProductReviewSortingAndFeedback.feature:8)\n","flaky":false,"newFailed":false,"newBroken":false,"newPassed":false,"retriesCount":0,"retriesStatusChange":false,"beforeStages":[{"name":"stepDefs.Hooks.setup()","time":{"start":1739256965676,"stop":1739256967404,"duration":1728},"status":"passed","steps":[],"attachments":[],"parameters":[],"shouldDisplayMessage":false,"stepsCount":0,"attachmentsCount":0,"hasContent":false,"attachmentStep":false}],"testStage":{"status":"broken","statusMessage":"Failed to assert home page: Failed to click and wait for reload: no such element: Unable to locate element: {\"method\":\"css selector\",\"selector\":\"button[id='onetrust-accept-btn-handler']\"}\n  (Session info: chrome=132.0.6834.159)\nFor documentation on this error, please visit: https://www.selenium.dev/documentation/webdriver/troubleshooting/errors#no-such-element-exception\nBuild info: version: '4.16.1', revision: '9b4c83354e'\nSystem info: os.name: 'Linux', os.arch: 'amd64', os.version: '6.8.0-1020-azure', java.version: '17.0.14'\nDriver info: org.openqa.selenium.chrome.ChromeDriver\nCommand: [51afd644eda9aa48993c50920e0330d2, findElement {using=css selector, value=button[id='onetrust-accept-btn-handler']}]\nCapabilities {acceptInsecureCerts: false, browserName: chrome, browserVersion: 132.0.6834.159, chrome: {chromedriverVersion: 132.0.6834.159 (2d77d3fc445..., userDataDir: /tmp/.org.chromium.Chromium...}, fedcm:accounts: true, goog:chromeOptions: {debuggerAddress: localhost:37889}, networkConnectionEnabled: false, pageLoadStrategy: normal, platformName: linux, proxy: Proxy(), se:cdp: ws://localhost:37889/devtoo..., se:cdpVersion: 132.0.6834.159, setWindowRect: true, strictFileInteractability: false, timeouts: {implicit: 0, pageLoad: 300000, script: 30000}, unhandledPromptBehavior: dismiss and notify, webauthn:extension:credBlob: true, webauthn:extension:largeBlob: true, webauthn:extension:minPinLength: true, webauthn:extension:prf: true, webauthn:virtualAuthenticators: true}\nSession ID: 51afd644eda9aa48993c50920e0330d2","statusTrace":"java.lang.RuntimeException: Failed to assert home page: Failed to click and wait for reload: no such element: Unable to locate element: {\"method\":\"css selector\",\"selector\":\"button[id='onetrust-accept-btn-handler']\"}\n  (Session info: chrome=132.0.6834.159)\nFor documentation on this error, please visit: https://www.selenium.dev/documentation/webdriver/troubleshooting/errors#no-such-element-exception\nBuild info: version: '4.16.1', revision: '9b4c83354e'\nSystem info: os.name: 'Linux', os.arch: 'amd64', os.version: '6.8.0-1020-azure', java.version: '17.0.14'\nDriver info: org.openqa.selenium.chrome.ChromeDriver\nCommand: [51afd644eda9aa48993c50920e0330d2, findElement {using=css selector, value=button[id='onetrust-accept-btn-handler']}]\nCapabilities {acceptInsecureCerts: false, browserName: chrome, browserVersion: 132.0.6834.159, chrome: {chromedriverVersion: 132.0.6834.159 (2d77d3fc445..., userDataDir: /tmp/.org.chromium.Chromium...}, fedcm:accounts: true, goog:chromeOptions: {debuggerAddress: localhost:37889}, networkConnectionEnabled: false, pageLoadStrategy: normal, platformName: linux, proxy: Proxy(), se:cdp: ws://localhost:37889/devtoo..., se:cdpVersion: 132.0.6834.159, setWindowRect: true, strictFileInteractability: false, timeouts: {implicit: 0, pageLoad: 300000, script: 30000}, unhandledPromptBehavior: dismiss and notify, webauthn:extension:credBlob: true, webauthn:extension:largeBlob: true, webauthn:extension:minPinLength: true, webauthn:extension:prf: true, webauthn:virtualAuthenticators: true}\nSession ID: 51afd644eda9aa48993c50920e0330d2\n\tat pages.HomePage.assertHomePage(HomePage.java:27)\n\tat stepDefs.ProductReview.userSearchForAProductWhichIsPopularAndHasComments(ProductReview.java:22)\n\tat ✽.user search for a product which is popular and has comments(file:///home/runner/work/hepsiburada/hepsiburada/src/test/resources/features/us1ProductReviewSortingAndFeedback.feature:8)\n","steps":[{"name":"Given  user navigate to hepsiburada.com","time":{"start":1739256967407,"stop":1739256967805,"duration":398},"status":"passed","steps":[],"attachments":[],"parameters":[],"shouldDisplayMessage":false,"stepsCount":0,"attachmentsCount":0,"hasContent":false,"attachmentStep":false},{"name":"When  user search for a product which is popular and has comments","time":{"start":1739256967805,"stop":1739257027910,"duration":60105},"status":"broken","statusMessage":"Failed to assert home page: Failed to click and wait for reload: no such element: Unable to locate element: {\"method\":\"css selector\",\"selector\":\"button[id='onetrust-accept-btn-handler']\"}\n  (Session info: chrome=132.0.6834.159)\nFor documentation on this error, please visit: https://www.selenium.dev/documentation/webdriver/troubleshooting/errors#no-such-element-exception\nBuild info: version: '4.16.1', revision: '9b4c83354e'\nSystem info: os.name: 'Linux', os.arch: 'amd64', os.version: '6.8.0-1020-azure', java.version: '17.0.14'\nDriver info: org.openqa.selenium.chrome.ChromeDriver\nCommand: [51afd644eda9aa48993c50920e0330d2, findElement {using=css selector, value=button[id='onetrust-accept-btn-handler']}]\nCapabilities {acceptInsecureCerts: false, browserName: chrome, browserVersion: 132.0.6834.159, chrome: {chromedriverVersion: 132.0.6834.159 (2d77d3fc445..., userDataDir: /tmp/.org.chromium.Chromium...}, fedcm:accounts: true, goog:chromeOptions: {debuggerAddress: localhost:37889}, networkConnectionEnabled: false, pageLoadStrategy: normal, platformName: linux, proxy: Proxy(), se:cdp: ws://localhost:37889/devtoo..., se:cdpVersion: 132.0.6834.159, setWindowRect: true, strictFileInteractability: false, timeouts: {implicit: 0, pageLoad: 300000, script: 30000}, unhandledPromptBehavior: dismiss and notify, webauthn:extension:credBlob: true, webauthn:extension:largeBlob: true, webauthn:extension:minPinLength: true, webauthn:extension:prf: true, webauthn:virtualAuthenticators: true}\nSession ID: 51afd644eda9aa48993c50920e0330d2","statusTrace":"java.lang.RuntimeException: Failed to assert home page: Failed to click and wait for reload: no such element: Unable to locate element: {\"method\":\"css selector\",\"selector\":\"button[id='onetrust-accept-btn-handler']\"}\n  (Session info: chrome=132.0.6834.159)\nFor documentation on this error, please visit: https://www.selenium.dev/documentation/webdriver/troubleshooting/errors#no-such-element-exception\nBuild info: version: '4.16.1', revision: '9b4c83354e'\nSystem info: os.name: 'Linux', os.arch: 'amd64', os.version: '6.8.0-1020-azure', java.version: '17.0.14'\nDriver info: org.openqa.selenium.chrome.ChromeDriver\nCommand: [51afd644eda9aa48993c50920e0330d2, findElement {using=css selector, value=button[id='onetrust-accept-btn-handler']}]\nCapabilities {acceptInsecureCerts: false, browserName: chrome, browserVersion: 132.0.6834.159, chrome: {chromedriverVersion: 132.0.6834.159 (2d77d3fc445..., userDataDir: /tmp/.org.chromium.Chromium...}, fedcm:accounts: true, goog:chromeOptions: {debuggerAddress: localhost:37889}, networkConnectionEnabled: false, pageLoadStrategy: normal, platformName: linux, proxy: Proxy(), se:cdp: ws://localhost:37889/devtoo..., se:cdpVersion: 132.0.6834.159, setWindowRect: true, strictFileInteractability: false, timeouts: {implicit: 0, pageLoad: 300000, script: 30000}, unhandledPromptBehavior: dismiss and notify, webauthn:extension:credBlob: true, webauthn:extension:largeBlob: true, webauthn:extension:minPinLength: true, webauthn:extension:prf: true, webauthn:virtualAuthenticators: true}\nSession ID: 51afd644eda9aa48993c50920e0330d2\n\tat pages.HomePage.assertHomePage(HomePage.java:27)\n\tat stepDefs.ProductReview.userSearchForAProductWhichIsPopularAndHasComments(ProductReview.java:22)\n\tat ✽.user search for a product which is popular and has comments(file:///home/runner/work/hepsiburada/hepsiburada/src/test/resources/features/us1ProductReviewSortingAndFeedback.feature:8)\n","steps":[],"attachments":[],"parameters":[],"shouldDisplayMessage":true,"stepsCount":0,"attachmentsCount":0,"hasContent":true,"attachmentStep":false},{"name":"And  select a random product from the search results and navigate to the product details page","time":{"start":1739257027912,"stop":1739257027912,"duration":0},"status":"skipped","steps":[],"attachments":[],"parameters":[],"shouldDisplayMessage":false,"stepsCount":0,"attachmentsCount":0,"hasContent":false,"attachmentStep":false},{"name":"And  switch to the Degerlendirmeler tab","time":{"start":1739257027912,"stop":1739257027913,"duration":1},"status":"skipped","steps":[],"attachments":[],"parameters":[],"shouldDisplayMessage":false,"stepsCount":0,"attachmentsCount":0,"hasContent":false,"attachmentStep":false},{"name":"And  sort the reviews by En Yeni Degerlendirme","time":{"start":1739257027913,"stop":1739257027914,"duration":1},"status":"skipped","steps":[],"attachments":[],"parameters":[],"shouldDisplayMessage":false,"stepsCount":0,"attachmentsCount":0,"hasContent":false,"attachmentStep":false},{"name":"When  select a review and click on thumbsUp or thumbsDown","time":{"start":1739257027914,"stop":1739257027914,"duration":0},"status":"skipped","steps":[],"attachments":[],"parameters":[],"shouldDisplayMessage":false,"stepsCount":0,"attachmentsCount":0,"hasContent":false,"attachmentStep":false},{"name":"Then  the Thank You message should be displayed","time":{"start":1739257027914,"stop":1739257027915,"duration":1},"status":"skipped","steps":[],"attachments":[],"parameters":[],"shouldDisplayMessage":false,"stepsCount":0,"attachmentsCount":0,"hasContent":false,"attachmentStep":false}],"attachments":[],"parameters":[],"shouldDisplayMessage":false,"stepsCount":7,"attachmentsCount":0,"hasContent":true,"attachmentStep":false},"afterStages":[{"name":"stepDefs.Hooks.tearDownMethod(io.cucumber.java.Scenario)","time":{"start":1739257027916,"stop":1739257028404,"duration":488},"status":"passed","steps":[],"attachments":[{"uid":"d47a31cec2efba84","name":"Sort product reviews by newest and give feedback","source":"d47a31cec2efba84.png","type":"image/png","size":85698}],"parameters":[],"shouldDisplayMessage":false,"stepsCount":0,"attachmentsCount":1,"hasContent":true,"attachmentStep":false}],"labels":[{"name":"tag","value":"Positive"},{"name":"host","value":"fv-az1946-349"},{"name":"thread","value":"1806@fv-az1946-349.main(1)"},{"name":"feature","value":"Product Review Sorting and Feedback"},{"name":"story","value":"Sort product reviews by newest and give feedback"},{"name":"suite","value":"Product Review Sorting and Feedback"},{"name":"testClass","value":"Sort product reviews by newest and give feedback"},{"name":"framework","value":"cucumber4jvm"},{"name":"language","value":"java"},{"name":"gherkin_uri","value":"file:///home/runner/work/hepsiburada/hepsiburada/src/test/resources/features/us1ProductReviewSortingAndFeedback.feature"},{"name":"package","value":"src.test.resources.features.us1ProductReviewSortingAndFeedback_feature.Product Review Sorting and Feedback"},{"name":"resultFormat","value":"allure2"}],"parameters":[],"links":[],"hidden":false,"retry":false,"extra":{"severity":"normal","retries":[],"categories":[{"name":"Test defects","matchedStatuses":[],"flaky":false}],"tags":["Positive"]},"source":"21eabf83d9c44c47.json","parameterValues":[]}